2026-02-07T15:27:22.949-0800 [DEBUG] [org.gradle.launcher.daemon.bootstrap.DaemonMain] Assuming the daemon was started with following jvm opts: [--add-opens=java.base/java.util=ALL-UNNAMED, --add-opens=java.base/java.lang=ALL-UNNAMED, --add-opens=java.base/java.lang.invoke=ALL-UNNAMED, --add-opens=java.prefs/java.util.prefs=ALL-UNNAMED, --add-exports=jdk.compiler/com.sun.tools.javac.api=ALL-UNNAMED, --add-exports=jdk.compiler/com.sun.tools.javac.util=ALL-UNNAMED, --add-opens=java.base/java.nio.charset=ALL-UNNAMED, --add-opens=java.base/java.net=ALL-UNNAMED, --add-opens=java.base/java.util.concurrent.atomic=ALL-UNNAMED, -XX:MaxMetaspaceSize=384m, -XX:+HeapDumpOnOutOfMemoryError, -Xms256m, -Xmx512m, -Dfile.encoding=UTF-8, -Duser.country=US, -Duser.language=en, -Duser.variant]
2026-02-07T15:27:23.015-0800 [INFO] [org.gradle.launcher.daemon.server.Daemon] start() called on daemon - DefaultDaemonContext[uid=de1d7bab-07fa-4574-a1b3-32701f5ad859,javaHome=/Library/Java/JavaVirtualMachines/temurin-25.jdk/Contents/Home,javaVersion=25,javaVendor=Eclipse Adoptium,daemonRegistryDir=/Users/shett/Documents/Code/FRC/.gradle-home/daemon,pid=49076,idleTimeout=120000,priority=NORMAL,applyInstrumentationAgent=true,nativeServicesMode=ENABLED,daemonOpts=--add-opens=java.base/java.util=ALL-UNNAMED,--add-opens=java.base/java.lang=ALL-UNNAMED,--add-opens=java.base/java.lang.invoke=ALL-UNNAMED,--add-opens=java.prefs/java.util.prefs=ALL-UNNAMED,--add-exports=jdk.compiler/com.sun.tools.javac.api=ALL-UNNAMED,--add-exports=jdk.compiler/com.sun.tools.javac.util=ALL-UNNAMED,--add-opens=java.base/java.nio.charset=ALL-UNNAMED,--add-opens=java.base/java.net=ALL-UNNAMED,--add-opens=java.base/java.util.concurrent.atomic=ALL-UNNAMED,-XX:MaxMetaspaceSize=384m,-XX:+HeapDumpOnOutOfMemoryError,-Xms256m,-Xmx512m,-Dfile.encoding=UTF-8,-Duser.country=US,-Duser.language=en,-Duser.variant]
2026-02-07T15:27:23.033-0800 [DEBUG] [org.gradle.internal.remote.internal.inet.InetAddresses] Adding IP addresses for network interface utun7
2026-02-07T15:27:23.033-0800 [DEBUG] [org.gradle.internal.remote.internal.inet.InetAddresses] Is this a loopback interface? false
2026-02-07T15:27:23.033-0800 [DEBUG] [org.gradle.internal.remote.internal.inet.InetAddresses] Adding remote address /fe80:0:0:0:90e8:1a24:2f92:60d1%utun7
2026-02-07T15:27:23.034-0800 [DEBUG] [org.gradle.internal.remote.internal.inet.InetAddresses] Adding IP addresses for network interface utun6
2026-02-07T15:27:23.034-0800 [DEBUG] [org.gradle.internal.remote.internal.inet.InetAddresses] Is this a loopback interface? false
2026-02-07T15:27:23.034-0800 [DEBUG] [org.gradle.internal.remote.internal.inet.InetAddresses] Adding remote address /fe80:0:0:0:f337:a276:c896:39cb%utun6
2026-02-07T15:27:23.034-0800 [DEBUG] [org.gradle.internal.remote.internal.inet.InetAddresses] Adding IP addresses for network interface utun5
2026-02-07T15:27:23.034-0800 [DEBUG] [org.gradle.internal.remote.internal.inet.InetAddresses] Is this a loopback interface? false
2026-02-07T15:27:23.034-0800 [DEBUG] [org.gradle.internal.remote.internal.inet.InetAddresses] Adding remote address /fe80:0:0:0:3a2b:697e:e254:2883%utun5
2026-02-07T15:27:23.034-0800 [DEBUG] [org.gradle.internal.remote.internal.inet.InetAddresses] Adding IP addresses for network interface utun4
2026-02-07T15:27:23.034-0800 [DEBUG] [org.gradle.internal.remote.internal.inet.InetAddresses] Is this a loopback interface? false
2026-02-07T15:27:23.034-0800 [DEBUG] [org.gradle.internal.remote.internal.inet.InetAddresses] Adding remote address /fe80:0:0:0:9746:4d8c:a91e:4fa9%utun4
2026-02-07T15:27:23.035-0800 [DEBUG] [org.gradle.internal.remote.internal.inet.InetAddresses] Adding IP addresses for network interface ipsec0
2026-02-07T15:27:23.035-0800 [DEBUG] [org.gradle.internal.remote.internal.inet.InetAddresses] Is this a loopback interface? false
2026-02-07T15:27:23.035-0800 [DEBUG] [org.gradle.internal.remote.internal.inet.InetAddresses] Adding remote address /2607:fb91:79f6:2a3e:cb4f:fb1b:115e:5ffb%ipsec0
2026-02-07T15:27:23.035-0800 [DEBUG] [org.gradle.internal.remote.internal.inet.InetAddresses] Adding remote address /fe80:0:0:0:3629:8fff:fe79:1403%ipsec0
2026-02-07T15:27:23.035-0800 [DEBUG] [org.gradle.internal.remote.internal.inet.InetAddresses] Adding IP addresses for network interface llw0
2026-02-07T15:27:23.035-0800 [DEBUG] [org.gradle.internal.remote.internal.inet.InetAddresses] Is this a loopback interface? false
2026-02-07T15:27:23.035-0800 [DEBUG] [org.gradle.internal.remote.internal.inet.InetAddresses] Adding remote address /fe80:0:0:0:c85a:a8ff:fedf:2fea%llw0
2026-02-07T15:27:23.035-0800 [DEBUG] [org.gradle.internal.remote.internal.inet.InetAddresses] Adding IP addresses for network interface awdl0
2026-02-07T15:27:23.035-0800 [DEBUG] [org.gradle.internal.remote.internal.inet.InetAddresses] Is this a loopback interface? false
2026-02-07T15:27:23.035-0800 [DEBUG] [org.gradle.internal.remote.internal.inet.InetAddresses] Adding remote address /fe80:0:0:0:c85a:a8ff:fedf:2fea%awdl0
2026-02-07T15:27:23.035-0800 [DEBUG] [org.gradle.internal.remote.internal.inet.InetAddresses] Adding IP addresses for network interface utun3
2026-02-07T15:27:23.036-0800 [DEBUG] [org.gradle.internal.remote.internal.inet.InetAddresses] Is this a loopback interface? false
2026-02-07T15:27:23.036-0800 [DEBUG] [org.gradle.internal.remote.internal.inet.InetAddresses] Adding remote address /fe80:0:0:0:bd9:8ffc:b35e:589f%utun3
2026-02-07T15:27:23.036-0800 [DEBUG] [org.gradle.internal.remote.internal.inet.InetAddresses] Adding IP addresses for network interface utun2
2026-02-07T15:27:23.036-0800 [DEBUG] [org.gradle.internal.remote.internal.inet.InetAddresses] Is this a loopback interface? false
2026-02-07T15:27:23.036-0800 [DEBUG] [org.gradle.internal.remote.internal.inet.InetAddresses] Adding remote address /fe80:0:0:0:ce81:b1c:bd2c:69e%utun2
2026-02-07T15:27:23.036-0800 [DEBUG] [org.gradle.internal.remote.internal.inet.InetAddresses] Adding IP addresses for network interface utun1
2026-02-07T15:27:23.036-0800 [DEBUG] [org.gradle.internal.remote.internal.inet.InetAddresses] Is this a loopback interface? false
2026-02-07T15:27:23.036-0800 [DEBUG] [org.gradle.internal.remote.internal.inet.InetAddresses] Adding remote address /fe80:0:0:0:ed07:df2a:bea0:de84%utun1
2026-02-07T15:27:23.036-0800 [DEBUG] [org.gradle.internal.remote.internal.inet.InetAddresses] Adding IP addresses for network interface utun0
2026-02-07T15:27:23.036-0800 [DEBUG] [org.gradle.internal.remote.internal.inet.InetAddresses] Is this a loopback interface? false
2026-02-07T15:27:23.037-0800 [DEBUG] [org.gradle.internal.remote.internal.inet.InetAddresses] Adding remote address /fe80:0:0:0:ade4:86df:c810:27db%utun0
2026-02-07T15:27:23.037-0800 [DEBUG] [org.gradle.internal.remote.internal.inet.InetAddresses] Adding IP addresses for network interface en0
2026-02-07T15:27:23.037-0800 [DEBUG] [org.gradle.internal.remote.internal.inet.InetAddresses] Is this a loopback interface? false
2026-02-07T15:27:23.037-0800 [DEBUG] [org.gradle.internal.remote.internal.inet.InetAddresses] Adding remote address /fd8e:7ff0:938a:77:106e:c0f1:2bf8:8043%en0
2026-02-07T15:27:23.037-0800 [DEBUG] [org.gradle.internal.remote.internal.inet.InetAddresses] Adding remote address /fd48:bccb:e76b:126e:1003:e450:6bcd:4ec4%en0
2026-02-07T15:27:23.037-0800 [DEBUG] [org.gradle.internal.remote.internal.inet.InetAddresses] Adding remote address /fd0d:8636:7448:55b7:85a:fc66:1a3c:c198%en0
2026-02-07T15:27:23.037-0800 [DEBUG] [org.gradle.internal.remote.internal.inet.InetAddresses] Adding remote address /fe80:0:0:0:1875:b34:bbc7:f513%en0
2026-02-07T15:27:23.037-0800 [DEBUG] [org.gradle.internal.remote.internal.inet.InetAddresses] Adding remote address /192.168.86.196
2026-02-07T15:27:23.037-0800 [DEBUG] [org.gradle.internal.remote.internal.inet.InetAddresses] Adding IP addresses for network interface lo0
2026-02-07T15:27:23.037-0800 [DEBUG] [org.gradle.internal.remote.internal.inet.InetAddresses] Is this a loopback interface? true
2026-02-07T15:27:23.037-0800 [DEBUG] [org.gradle.internal.remote.internal.inet.InetAddresses] Ignoring remote address on loopback interface /fe80:0:0:0:0:0:0:1%lo0
2026-02-07T15:27:23.037-0800 [DEBUG] [org.gradle.internal.remote.internal.inet.InetAddresses] Adding loopback address /0:0:0:0:0:0:0:1%lo0
2026-02-07T15:27:23.038-0800 [DEBUG] [org.gradle.internal.remote.internal.inet.InetAddresses] Adding loopback address /127.0.0.1
2026-02-07T15:27:23.039-0800 [DEBUG] [org.gradle.internal.remote.internal.inet.TcpIncomingConnector] Listening on [215fcd66-9595-449c-8d55-35699e6b7a0c port:49979, addresses:[localhost/127.0.0.1]].
2026-02-07T15:27:23.043-0800 [DEBUG] [org.gradle.launcher.daemon.server.Daemon] Daemon starting at: Sat Feb 07 15:27:23 PST 2026, with address: [215fcd66-9595-449c-8d55-35699e6b7a0c port:49979, addresses:[localhost/127.0.0.1]]
2026-02-07T15:27:23.043-0800 [INFO] [org.gradle.launcher.daemon.server.DaemonRegistryUpdater] Advertising the daemon address to the clients: [215fcd66-9595-449c-8d55-35699e6b7a0c port:49979, addresses:[localhost/127.0.0.1]]
2026-02-07T15:27:23.043-0800 [DEBUG] [org.gradle.launcher.daemon.server.DaemonRegistryUpdater] Advertised daemon context: DefaultDaemonContext[uid=de1d7bab-07fa-4574-a1b3-32701f5ad859,javaHome=/Library/Java/JavaVirtualMachines/temurin-25.jdk/Contents/Home,javaVersion=25,javaVendor=Eclipse Adoptium,daemonRegistryDir=/Users/shett/Documents/Code/FRC/.gradle-home/daemon,pid=49076,idleTimeout=120000,priority=NORMAL,applyInstrumentationAgent=true,nativeServicesMode=ENABLED,daemonOpts=--add-opens=java.base/java.util=ALL-UNNAMED,--add-opens=java.base/java.lang=ALL-UNNAMED,--add-opens=java.base/java.lang.invoke=ALL-UNNAMED,--add-opens=java.prefs/java.util.prefs=ALL-UNNAMED,--add-exports=jdk.compiler/com.sun.tools.javac.api=ALL-UNNAMED,--add-exports=jdk.compiler/com.sun.tools.javac.util=ALL-UNNAMED,--add-opens=java.base/java.nio.charset=ALL-UNNAMED,--add-opens=java.base/java.net=ALL-UNNAMED,--add-opens=java.base/java.util.concurrent.atomic=ALL-UNNAMED,-XX:MaxMetaspaceSize=384m,-XX:+HeapDumpOnOutOfMemoryError,-Xms256m,-Xmx512m,-Dfile.encoding=UTF-8,-Duser.country=US,-Duser.language=en,-Duser.variant]
2026-02-07T15:27:23.043-0800 [DEBUG] [org.gradle.launcher.daemon.registry.PersistentDaemonRegistry] Storing daemon address: [215fcd66-9595-449c-8d55-35699e6b7a0c port:49979, addresses:[localhost/127.0.0.1]], context: DefaultDaemonContext[uid=de1d7bab-07fa-4574-a1b3-32701f5ad859,javaHome=/Library/Java/JavaVirtualMachines/temurin-25.jdk/Contents/Home,javaVersion=25,javaVendor=Eclipse Adoptium,daemonRegistryDir=/Users/shett/Documents/Code/FRC/.gradle-home/daemon,pid=49076,idleTimeout=120000,priority=NORMAL,applyInstrumentationAgent=true,nativeServicesMode=ENABLED,daemonOpts=--add-opens=java.base/java.util=ALL-UNNAMED,--add-opens=java.base/java.lang=ALL-UNNAMED,--add-opens=java.base/java.lang.invoke=ALL-UNNAMED,--add-opens=java.prefs/java.util.prefs=ALL-UNNAMED,--add-exports=jdk.compiler/com.sun.tools.javac.api=ALL-UNNAMED,--add-exports=jdk.compiler/com.sun.tools.javac.util=ALL-UNNAMED,--add-opens=java.base/java.nio.charset=ALL-UNNAMED,--add-opens=java.base/java.net=ALL-UNNAMED,--add-opens=java.base/java.util.concurrent.atomic=ALL-UNNAMED,-XX:MaxMetaspaceSize=384m,-XX:+HeapDumpOnOutOfMemoryError,-Xms256m,-Xmx512m,-Dfile.encoding=UTF-8,-Duser.country=US,-Duser.language=en,-Duser.variant]
2026-02-07T15:27:23.049-0800 [DEBUG] [org.gradle.cache.internal.DefaultFileLockManager] Waiting to acquire exclusive lock on daemon addresses registry.
2026-02-07T15:27:23.050-0800 [DEBUG] [org.gradle.cache.internal.DefaultFileLockManager] Lock acquired on daemon addresses registry.
2026-02-07T15:27:23.051-0800 [DEBUG] [org.gradle.cache.internal.DefaultFileLockManager] Releasing lock on daemon addresses registry.
2026-02-07T15:27:23.051-0800 [DEBUG] [org.gradle.cache.internal.DefaultFileLockManager] Waiting to acquire exclusive lock on daemon addresses registry.
2026-02-07T15:27:23.051-0800 [DEBUG] [org.gradle.cache.internal.DefaultFileLockManager] Lock acquired on daemon addresses registry.
2026-02-07T15:27:23.052-0800 [DEBUG] [org.gradle.cache.internal.DefaultFileLockManager] Releasing lock on daemon addresses registry.
2026-02-07T15:27:23.052-0800 [LIFECYCLE] [org.gradle.launcher.daemon.server.Daemon] Daemon server started.
2026-02-07T15:27:23.053-0800 [DEBUG] [org.gradle.launcher.daemon.bootstrap.DaemonStartupCommunication] Completed writing the daemon greeting. Closing streams...
2026-02-07T15:27:23.056-0800 [DEBUG] [org.gradle.launcher.daemon.server.Daemon] stopOnExpiration() called on daemon
2026-02-07T15:27:23.056-0800 [DEBUG] [org.gradle.launcher.daemon.server.Daemon] awaitExpiration() called on daemon
2026-02-07T15:27:23.057-0800 [DEBUG] [org.gradle.launcher.daemon.server.DaemonStateCoordinator] daemon is running. Sleeping until state changes.
2026-02-07T15:27:23.065-0800 [DEBUG] [org.gradle.internal.remote.internal.inet.TcpIncomingConnector] Accepted connection from /127.0.0.1:49980 to /127.0.0.1:49979.
2026-02-07T15:27:23.078-0800 [DEBUG] [org.gradle.launcher.daemon.server.SynchronizedDispatchConnection] thread 37: received class org.gradle.launcher.daemon.protocol.Build
2026-02-07T15:27:23.078-0800 [DEBUG] [org.gradle.launcher.daemon.server.DefaultDaemonConnection] thread 37: Received non-IO message from client: Build{id=d1c31b3c-fc67-4e68-84a8-76b157e2cdac, currentDir=/Users/shett/Documents/Code/FRC}
2026-02-07T15:27:23.078-0800 [INFO] [org.gradle.launcher.daemon.server.DefaultIncomingConnectionHandler] Received command: Build{id=d1c31b3c-fc67-4e68-84a8-76b157e2cdac, currentDir=/Users/shett/Documents/Code/FRC}.
2026-02-07T15:27:23.079-0800 [DEBUG] [org.gradle.launcher.daemon.server.DefaultIncomingConnectionHandler] Starting executing command: Build{id=d1c31b3c-fc67-4e68-84a8-76b157e2cdac, currentDir=/Users/shett/Documents/Code/FRC} with connection: socket connection from /127.0.0.1:49979 to /127.0.0.1:49980.
2026-02-07T15:27:23.080-0800 [DEBUG] [org.gradle.launcher.daemon.server.DaemonStateCoordinator] Command execution: started DaemonCommandExecution[command = Build{id=d1c31b3c-fc67-4e68-84a8-76b157e2cdac, currentDir=/Users/shett/Documents/Code/FRC}, connection = DefaultDaemonConnection: socket connection from /127.0.0.1:49979 to /127.0.0.1:49980] after 9.166666666666666E-4 minutes of idle
2026-02-07T15:27:23.080-0800 [INFO] [org.gradle.launcher.daemon.server.DaemonRegistryUpdater] Marking the daemon as busy, address: [215fcd66-9595-449c-8d55-35699e6b7a0c port:49979, addresses:[localhost/127.0.0.1]]
2026-02-07T15:27:23.080-0800 [DEBUG] [org.gradle.launcher.daemon.registry.PersistentDaemonRegistry] Marking busy by address: [215fcd66-9595-449c-8d55-35699e6b7a0c port:49979, addresses:[localhost/127.0.0.1]]
2026-02-07T15:27:23.080-0800 [DEBUG] [org.gradle.cache.internal.DefaultFileLockManager] Waiting to acquire exclusive lock on daemon addresses registry.
2026-02-07T15:27:23.080-0800 [DEBUG] [org.gradle.cache.internal.DefaultFileLockManager] Lock acquired on daemon addresses registry.
2026-02-07T15:27:23.081-0800 [DEBUG] [org.gradle.cache.internal.DefaultFileLockManager] Releasing lock on daemon addresses registry.
2026-02-07T15:27:23.081-0800 [DEBUG] [org.gradle.launcher.daemon.server.DaemonStateCoordinator] resetting idle timer
2026-02-07T15:27:23.081-0800 [DEBUG] [org.gradle.launcher.daemon.server.DaemonStateCoordinator] daemon is running. Sleeping until state changes.
2026-02-07T15:27:23.081-0800 [INFO] [org.gradle.launcher.daemon.server.exec.StartBuildOrRespondWithBusy] Daemon is about to start building Build{id=d1c31b3c-fc67-4e68-84a8-76b157e2cdac, currentDir=/Users/shett/Documents/Code/FRC}. Dispatching build started information...
2026-02-07T15:27:23.081-0800 [DEBUG] [org.gradle.launcher.daemon.server.SynchronizedDispatchConnection] thread 39: dispatching org.gradle.launcher.daemon.protocol.BuildStarted@64e2b796
2026-02-07T15:27:23.082-0800 [DEBUG] [org.gradle.launcher.daemon.server.exec.EstablishBuildEnvironment] Configuring env variables: [PATH, PYENV_SHELL, MallocNanoZone, ZDOTDIR, TERM, HOMEBREW_PREFIX, LANG, VSCODE_GIT_IPC_HANDLE, VSCODE_PYTHON_AUTOACTIVATE_GUARD, COMMAND_MODE, VSCODE_GIT_ASKPASS_MAIN, MAIL, GRADLE_USER_HOME, VSCODE_INJECTION, COLORTERM, VSCODE_PROFILE_INITIALIZED, VSCODE_GIT_ASKPASS_EXTRA_ARGS, LOGNAME, HOMEBREW_REPOSITORY, VSCODE_GIT_ASKPASS_NODE, TERM_PROGRAM_VERSION, XPC_SERVICE_NAME, PWD, GIT_ASKPASS, INFOPATH, __CFBundleIdentifier, ANTIGRAVITY_CLI_ALIAS, SHELL, SANDBOX_WORK_DIR, TERM_PROGRAM, VSCODE_JDWP_ADAPTER_ENDPOINTS, PAGER, VOLTA_HOME, USER_ZDOTDIR, PYENV_ROOT, GPG_TTY, HOMEBREW_CELLAR, USER, TMPDIR, SSH_AUTH_SOCK, OSLogRateLimit, XPC_FLAGS, __CF_USER_TEXT_ENCODING, ANTIGRAVITY_AGENT, SHLVL, HOME, VSCODE_JAVA_EXEC]
2026-02-07T15:27:23.085-0800 [DEBUG] [org.gradle.launcher.daemon.server.exec.LogToClient] About to start relaying all logs to the client via the connection.
2026-02-07T15:27:23.085-0800 [INFO] [org.gradle.launcher.daemon.server.exec.LogToClient] The client will now receive all logging from the daemon (pid: 49076). The daemon log file: /Users/shett/Documents/Code/FRC/.gradle-home/daemon/8.10.2/daemon-49076.out.log
2026-02-07T15:27:23.085-0800 [DEBUG] [org.gradle.launcher.daemon.server.exec.RequestStopIfSingleUsedDaemon] Requesting daemon stop after processing Build{id=d1c31b3c-fc67-4e68-84a8-76b157e2cdac, currentDir=/Users/shett/Documents/Code/FRC}
2026-02-07T15:27:23.086-0800 [LIFECYCLE] [org.gradle.launcher.daemon.server.DaemonStateCoordinator] Daemon will be stopped at the end of the build 
2026-02-07T15:27:23.086-0800 [DEBUG] [org.gradle.launcher.daemon.server.DaemonStateCoordinator] Stop as soon as idle requested. The daemon is busy
2026-02-07T15:27:23.086-0800 [DEBUG] [org.gradle.launcher.daemon.server.DaemonStateCoordinator] daemon stop has been requested. Sleeping until state changes.
2026-02-07T15:27:23.086-0800 [DEBUG] [org.gradle.launcher.daemon.server.exec.ExecuteBuild] The daemon has started executing the build.
2026-02-07T15:27:23.086-0800 [DEBUG] [org.gradle.launcher.daemon.server.exec.ExecuteBuild] Executing build with daemon context: DefaultDaemonContext[uid=de1d7bab-07fa-4574-a1b3-32701f5ad859,javaHome=/Library/Java/JavaVirtualMachines/temurin-25.jdk/Contents/Home,javaVersion=25,javaVendor=Eclipse Adoptium,daemonRegistryDir=/Users/shett/Documents/Code/FRC/.gradle-home/daemon,pid=49076,idleTimeout=120000,priority=NORMAL,applyInstrumentationAgent=true,nativeServicesMode=ENABLED,daemonOpts=--add-opens=java.base/java.util=ALL-UNNAMED,--add-opens=java.base/java.lang=ALL-UNNAMED,--add-opens=java.base/java.lang.invoke=ALL-UNNAMED,--add-opens=java.prefs/java.util.prefs=ALL-UNNAMED,--add-exports=jdk.compiler/com.sun.tools.javac.api=ALL-UNNAMED,--add-exports=jdk.compiler/com.sun.tools.javac.util=ALL-UNNAMED,--add-opens=java.base/java.nio.charset=ALL-UNNAMED,--add-opens=java.base/java.net=ALL-UNNAMED,--add-opens=java.base/java.util.concurrent.atomic=ALL-UNNAMED,-XX:MaxMetaspaceSize=384m,-XX:+HeapDumpOnOutOfMemoryError,-Xms256m,-Xmx512m,-Dfile.encoding=UTF-8,-Duser.country=US,-Duser.language=en,-Duser.variant]

FAILURE: Build failed with an exception.

* What went wrong:
BUG! exception in phase 'semantic analysis' in source unit '_BuildScript_' Unsupported class file major version 69
> Unsupported class file major version 69

* Try:
> Run with --stacktrace option to get the stack trace.
> Run with --info or --debug option to get more log output.
> Run with --scan to get full insights.
> Get more help at https://help.gradle.org.

BUILD FAILED in 8s
2026-02-07T15:27:23.992-0800 [DEBUG] [org.gradle.launcher.daemon.server.exec.ExecuteBuild] The daemon has finished executing the build.
2026-02-07T15:27:24.002-0800 [DEBUG] [org.gradle.launcher.daemon.server.DaemonStateCoordinator] daemon stop has been requested. Sleeping until state changes.
2026-02-07T15:27:24.002-0800 [DEBUG] [org.gradle.launcher.daemon.server.DaemonStateCoordinator] Command execution: finished waiting for DaemonCommandExecution[command = Build{id=d1c31b3c-fc67-4e68-84a8-76b157e2cdac, currentDir=/Users/shett/Documents/Code/FRC}, connection = DefaultDaemonConnection: socket connection from /127.0.0.1:49979 to /127.0.0.1:49980]. Result org.gradle.launcher.daemon.server.DaemonStateCoordinator@74079377 with state StopRequested
2026-02-07T15:27:24.002-0800 [DEBUG] [org.gradle.launcher.daemon.server.DaemonStateCoordinator] Command execution: completed DaemonCommandExecution[command = Build{id=d1c31b3c-fc67-4e68-84a8-76b157e2cdac, currentDir=/Users/shett/Documents/Code/FRC}, connection = DefaultDaemonConnection: socket connection from /127.0.0.1:49979 to /127.0.0.1:49980]
2026-02-07T15:27:24.002-0800 [DEBUG] [org.gradle.launcher.daemon.server.DaemonStateCoordinator] resetting idle timer
2026-02-07T15:27:24.002-0800 [DEBUG] [org.gradle.launcher.daemon.server.DaemonStateCoordinator] Marking daemon stopped due to command completed and stop requested. The daemon is not running a build
2026-02-07T15:27:24.002-0800 [DEBUG] [org.gradle.launcher.daemon.server.DaemonStateCoordinator] daemon has stopped.
2026-02-07T15:27:24.002-0800 [DEBUG] [org.gradle.launcher.daemon.server.exec.ReturnResult] Daemon is dispatching the build result: Success[value=org.gradle.launcher.exec.BuildActionResult@10b7c778]
2026-02-07T15:27:24.002-0800 [DEBUG] [org.gradle.launcher.daemon.server.SynchronizedDispatchConnection] thread 36: dispatching Success[value=org.gradle.launcher.exec.BuildActionResult@10b7c778]
2026-02-07T15:27:24.002-0800 [DEBUG] [org.gradle.launcher.daemon.server.Daemon] stop() called on daemon
2026-02-07T15:27:24.002-0800 [INFO] [org.gradle.launcher.daemon.server.Daemon] Stop requested. Daemon is removing its presence from the registry...
2026-02-07T15:27:24.003-0800 [DEBUG] [org.gradle.launcher.daemon.server.DaemonRegistryUpdater] Removing our presence to clients, eg. removing this address from the registry: [215fcd66-9595-449c-8d55-35699e6b7a0c port:49979, addresses:[localhost/127.0.0.1]]
2026-02-07T15:27:24.003-0800 [DEBUG] [org.gradle.launcher.daemon.registry.PersistentDaemonRegistry] Removing daemon address: [215fcd66-9595-449c-8d55-35699e6b7a0c port:49979, addresses:[localhost/127.0.0.1]]
2026-02-07T15:27:24.003-0800 [DEBUG] [org.gradle.cache.internal.DefaultFileLockManager] Waiting to acquire exclusive lock on daemon addresses registry.
2026-02-07T15:27:24.003-0800 [DEBUG] [org.gradle.cache.internal.DefaultFileLockManager] Lock acquired on daemon addresses registry.
2026-02-07T15:27:24.004-0800 [DEBUG] [org.gradle.cache.internal.DefaultFileLockManager] Releasing lock on daemon addresses registry.
2026-02-07T15:27:24.004-0800 [DEBUG] [org.gradle.launcher.daemon.server.DaemonRegistryUpdater] Address removed from registry.
2026-02-07T15:27:24.005-0800 [DEBUG] [org.gradle.launcher.daemon.server.exec.CleanUpVirtualFileSystemAfterBuild] Cleaning virtual file system after build finished
2026-02-07T15:27:24.005-0800 [DEBUG] [org.gradle.launcher.daemon.server.DefaultIncomingConnectionHandler] Finishing executing command: Build{id=d1c31b3c-fc67-4e68-84a8-76b157e2cdac, currentDir=/Users/shett/Documents/Code/FRC}
2026-02-07T15:27:24.015-0800 [DEBUG] [org.gradle.launcher.daemon.server.SynchronizedDispatchConnection] thread 37: received class org.gradle.launcher.daemon.protocol.CloseInput
2026-02-07T15:27:24.015-0800 [DEBUG] [org.gradle.launcher.daemon.server.DefaultDaemonConnection] thread 37: Received IO message from client: org.gradle.launcher.daemon.protocol.CloseInput@27e5b43a
2026-02-07T15:27:24.015-0800 [DEBUG] [org.gradle.launcher.daemon.server.SynchronizedDispatchConnection] thread 37: received class org.gradle.launcher.daemon.protocol.Finished
2026-02-07T15:27:24.016-0800 [DEBUG] [org.gradle.launcher.daemon.server.DefaultDaemonConnection] thread 37: Received non-IO message from client: org.gradle.launcher.daemon.protocol.Finished@15b9affe
2026-02-07T15:27:24.016-0800 [DEBUG] [org.gradle.launcher.daemon.server.DefaultIncomingConnectionHandler] Received finished message: org.gradle.launcher.daemon.protocol.Finished@15b9affe
2026-02-07T15:27:24.016-0800 [DEBUG] [org.gradle.launcher.daemon.server.SynchronizedDispatchConnection] thread 36: stopping connection
2026-02-07T15:27:24.017-0800 [DEBUG] [org.gradle.internal.remote.internal.inet.SocketConnection] Discarding EOFException: java.io.EOFException
2026-02-07T15:27:24.017-0800 [DEBUG] [org.gradle.launcher.daemon.server.SynchronizedDispatchConnection] thread 37: received null
2026-02-07T15:27:24.017-0800 [DEBUG] [org.gradle.launcher.daemon.server.DefaultDaemonConnection] thread 37: Received end-of-input from client.
2026-02-07T15:27:24.017-0800 [DEBUG] [org.gradle.launcher.daemon.server.SynchronizedDispatchConnection] thread 36: stopping connection
2026-02-07T15:27:24.018-0800 [DEBUG] [org.gradle.cache.internal.DefaultCacheCoordinator] Cache jars (/Users/shett/Documents/Code/FRC/.gradle-home/caches/jars-9) was closed 0 times.
2026-02-07T15:27:24.018-0800 [DEBUG] [org.gradle.cache.internal.LockOnDemandCrossProcessCacheAccess] Releasing file lock for file content cache (/Users/shett/Documents/Code/FRC/.gradle-home/caches/8.10.2/fileContent)
2026-02-07T15:27:24.018-0800 [DEBUG] [org.gradle.cache.internal.DefaultFileLockManager] Releasing lock on file content cache (/Users/shett/Documents/Code/FRC/.gradle-home/caches/8.10.2/fileContent).
2026-02-07T15:27:24.018-0800 [DEBUG] [org.gradle.internal.watch.vfs.impl.WatchingVirtualFileSystem] Closing VFS, dropping state
2026-02-07T15:27:24.019-0800 [DEBUG] [org.gradle.internal.watch.registry.impl.DefaultFileWatcherRegistry] Finished listening to file system change events
2026-02-07T15:27:24.019-0800 [DEBUG] [org.gradle.cache.internal.DefaultCacheCoordinator] Cache Generated Gradle JARs cache (/Users/shett/Documents/Code/FRC/.gradle-home/caches/8.10.2/generated-gradle-jars) was closed 0 times.
2026-02-07T15:27:24.019-0800 [DEBUG] [org.gradle.cache.internal.LockOnDemandCrossProcessCacheAccess] Releasing file lock for artifact cache (/Users/shett/Documents/Code/FRC/.gradle-home/caches/modules-2)
2026-02-07T15:27:24.019-0800 [DEBUG] [org.gradle.cache.internal.DefaultFileLockManager] Releasing lock on artifact cache (/Users/shett/Documents/Code/FRC/.gradle-home/caches/modules-2).
2026-02-07T15:27:24.019-0800 [DEBUG] [org.gradle.cache.internal.DefaultCacheCoordinator] Cache groovy-dsl (/Users/shett/Documents/Code/FRC/.gradle-home/caches/8.10.2/groovy-dsl) was closed 0 times.
2026-02-07T15:27:24.020-0800 [DEBUG] [org.gradle.cache.internal.DefaultCacheCoordinator] Cache Artifact transforms cache (/Users/shett/Documents/Code/FRC/.gradle-home/caches/8.10.2/transforms) was closed 0 times.
2026-02-07T15:27:24.020-0800 [DEBUG] [org.gradle.cache.internal.LockOnDemandCrossProcessCacheAccess] Releasing file lock for journal cache (/Users/shett/Documents/Code/FRC/.gradle-home/caches/journal-1)
2026-02-07T15:27:24.020-0800 [DEBUG] [org.gradle.cache.internal.btree.BTreePersistentIndexedCache] Closing cache file-access.bin (/Users/shett/Documents/Code/FRC/.gradle-home/caches/journal-1/file-access.bin)
2026-02-07T15:27:24.020-0800 [DEBUG] [org.gradle.cache.internal.DefaultFileLockManager] Releasing lock on journal cache (/Users/shett/Documents/Code/FRC/.gradle-home/caches/journal-1).
2026-02-07T15:27:24.020-0800 [DEBUG] [org.gradle.cache.internal.LockOnDemandCrossProcessCacheAccess] Releasing file lock for file hash cache (/Users/shett/Documents/Code/FRC/.gradle-home/caches/8.10.2/fileHashes)
2026-02-07T15:27:24.020-0800 [DEBUG] [org.gradle.cache.internal.DefaultFileLockManager] Releasing lock on file hash cache (/Users/shett/Documents/Code/FRC/.gradle-home/caches/8.10.2/fileHashes).
2026-02-07T15:27:24.021-0800 [DEBUG] [org.gradle.internal.operations.DefaultBuildOperationRunner] Build operation 'Deleting unused version-specific caches in /Users/shett/Documents/Code/FRC/.gradle-home/caches' started
2026-02-07T15:27:24.021-0800 [DEBUG] [org.gradle.internal.operations.DefaultBuildOperationRunner] Completing Build operation 'Deleting unused version-specific caches in /Users/shett/Documents/Code/FRC/.gradle-home/caches'
2026-02-07T15:27:24.021-0800 [DEBUG] [org.gradle.internal.operations.DefaultBuildOperationRunner] Build operation 'Deleting unused version-specific caches in /Users/shett/Documents/Code/FRC/.gradle-home/caches' completed
2026-02-07T15:27:24.021-0800 [DEBUG] [org.gradle.launcher.daemon.server.Daemon] stop() called on daemon
2026-02-07T15:27:24.021-0800 [INFO] [org.gradle.launcher.daemon.server.Daemon] Stop requested. Daemon is removing its presence from the registry...
2026-02-07T15:27:24.021-0800 [DEBUG] [org.gradle.launcher.daemon.server.DaemonRegistryUpdater] Removing our presence to clients, eg. removing this address from the registry: [215fcd66-9595-449c-8d55-35699e6b7a0c port:49979, addresses:[localhost/127.0.0.1]]
2026-02-07T15:27:24.021-0800 [DEBUG] [org.gradle.launcher.daemon.registry.PersistentDaemonRegistry] Removing daemon address: [215fcd66-9595-449c-8d55-35699e6b7a0c port:49979, addresses:[localhost/127.0.0.1]]
2026-02-07T15:27:24.021-0800 [DEBUG] [org.gradle.cache.internal.DefaultFileLockManager] Waiting to acquire exclusive lock on daemon addresses registry.
2026-02-07T15:27:24.022-0800 [DEBUG] [org.gradle.cache.internal.DefaultFileLockManager] Lock acquired on daemon addresses registry.
2026-02-07T15:27:24.022-0800 [DEBUG] [org.gradle.cache.internal.DefaultFileLockManager] Releasing lock on daemon addresses registry.
2026-02-07T15:27:24.022-0800 [DEBUG] [org.gradle.launcher.daemon.server.DaemonRegistryUpdater] Address removed from registry.
2026-02-07T15:27:24.022-0800 [DEBUG] [org.gradle.cache.internal.locklistener.DefaultFileLockContentionHandler] File lock listener thread completed.
2026-02-07T15:27:24.024-0800 [DEBUG] [java.lang.Runtime] Runtime.exit() called with status: 0
java.lang.Throwable: Runtime.exit(0)
	at java.base/java.lang.Shutdown.logRuntimeExit(Shutdown.java:179)
	at java.base/java.lang.Shutdown.exit(Shutdown.java:160)
	at java.base/java.lang.Runtime.exit(Runtime.java:177)
	at java.base/java.lang.System.exit(System.java:1540)
	at org.gradle.launcher.bootstrap.ProcessCompleter.complete(ProcessCompleter.java:21)
	at org.gradle.launcher.bootstrap.EntryPoint.run(EntryPoint.java:61)
	at java.base/jdk.internal.reflect.DirectMethodHandleAccessor.invoke(DirectMethodHandleAccessor.java:104)
	at java.base/java.lang.reflect.Method.invoke(Method.java:565)
	at org.gradle.launcher.bootstrap.ProcessBootstrap.runNoExit(ProcessBootstrap.java:72)
	at org.gradle.launcher.bootstrap.ProcessBootstrap.run(ProcessBootstrap.java:39)
	at org.gradle.launcher.daemon.bootstrap.GradleDaemon.main(GradleDaemon.java:22)
Daemon vm is shutting down... The daemon has exited normally or was terminated in response to a user interrupt.
2026-02-07T15:27:24.024-0800 [DEBUG] [org.gradle.launcher.daemon.registry.PersistentDaemonRegistry] Removing daemon address: [215fcd66-9595-449c-8d55-35699e6b7a0c port:49979, addresses:[localhost/127.0.0.1]]
2026-02-07T15:27:24.025-0800 [DEBUG] [org.gradle.launcher.daemon.server.Daemon] VM shutdown hook was unable to remove the daemon address from the registry. It will be cleaned up later.
java.lang.IllegalStateException: Cannot start managing file contention because this handler has been closed.
	at org.gradle.cache.internal.locklistener.DefaultFileLockContentionHandler.assertNotStopped(DefaultFileLockContentionHandler.java:217)
	at org.gradle.cache.internal.locklistener.DefaultFileLockContentionHandler.getCommunicator(DefaultFileLockContentionHandler.java:260)
	at org.gradle.cache.internal.locklistener.DefaultFileLockContentionHandler.reservePort(DefaultFileLockContentionHandler.java:254)
	at org.gradle.cache.internal.DefaultFileLockManager.lock(DefaultFileLockManager.java:124)
	at org.gradle.cache.internal.DefaultFileLockManager.lock(DefaultFileLockManager.java:106)
	at org.gradle.cache.internal.DefaultFileLockManager.lock(DefaultFileLockManager.java:101)
	at org.gradle.cache.internal.OnDemandFileAccess.updateFile(OnDemandFileAccess.java:51)
	at org.gradle.cache.internal.FileBackedObjectHolder.update(FileBackedObjectHolder.java:77)
	at org.gradle.cache.internal.FileIntegrityViolationSuppressingObjectHolderDecorator.lambda$update$0(FileIntegrityViolationSuppressingObjectHolderDecorator.java:48)
	at org.gradle.cache.internal.FileIntegrityViolationSuppressingObjectHolderDecorator.doUpdate(FileIntegrityViolationSuppressingObjectHolderDecorator.java:58)
	at org.gradle.cache.internal.FileIntegrityViolationSuppressingObjectHolderDecorator.update(FileIntegrityViolationSuppressingObjectHolderDecorator.java:48)
	at org.gradle.launcher.daemon.registry.PersistentDaemonRegistry.remove(PersistentDaemonRegistry.java:133)
	at org.gradle.launcher.daemon.server.Daemon$1.run(Daemon.java:133)
	at java.base/java.lang.Thread.run(Thread.java:1474)
